
Ox Console version 7.00 (OS_X_64/U) (C) J.A. Doornik, 1994-2013
This version may be used for academic research and teaching only

Detergent Model Starting




 niqlow version 1.00 Copyright (C) 2011-2014 Christopher Ferrall.
 Execution of niqlow implies acceptance of its free software License (niqlow/niqlow-license.txt).
Warning: CreateSpaces: setting clock type to stationary.
-------------------- DP Model Summary ------------------------
Clock Class: 0 Description: Infinite Horizon
STATE VARIABLES
              |eps                 |eta |theta        -clock        |gamma
            coupo  coupo  coupo    s21  consu  weeks      t     t'      r      f
       s.N      2      2      2      1     11    118      1      1      1      1


Transition Categories (not counting fixed)
                 NonRandom       Random   Coevolving
     #Vars               1            3            3

Size of Spaces
                           N
        Exogenous          8
    SemiExogenous          1
       Endogenous       1298
            Times          1
    EV()Iterating       1298
    Ch.Prob.track       1298
    TotalReachable      1298
         Terminal          0
     Random Groups         1
     Fixed Groups          1
    TotalUntrimmed     10384

ACTION VARIABLES (7 distinct actions)
         purch
    i.N      7


ACTION SETS
    alpha       A[0]   
    (0)           X    
    (1)           X    
    (2)           X    
    (3)           X    
    (4)           X    
    (5)           X    
    (6)           X    
#States        1298
    Key: X = row vector is feasible. - = infeasible
Warning: DataSet: likelihood only accounting for choice probabilities.

Added to the observed list: weeks_to_go purchase coupon_ch coupon_other coupon_td consumption Observed Finished.

Outcome Summary: Detergent

            ID purch coupo coupo coupo   s21 consu weeks     t    t'     r     f
observed     1     1     1     1     1     0     1     1     0     0     0     0
force0       0     0     0     0     0     1     0     0     1     1     1     1
column       0     1     2     3     4    -1     5     6    -1    -1    -1    -1


  sample size         mean      st.dev.          min          max
       3791.0   1.1015e+06       841.41   1.1000e+06   1.1030e+06
       3791.0      0.53416       1.2415       0.0000       6.0000
       3791.0      0.25666      0.43679       0.0000       1.0000
       3791.0      0.85307      0.35403       0.0000       1.0000
       3791.0      0.26642      0.44209       0.0000       1.0000
       3791.0       1.9370       1.8010       0.0000       7.0000
       3791.0       9.7953       13.397       0.0000       108.00
Source data summary0
. Total Outcomes Loaded: 3791
     0.000000000000*


Report of Gradient Starting on DetergentMLE1

   Obj=           0.00000000000
Free Parameters
                index          free      
gamma0            5     1.00000000000
gamma1            6     1.00000000000
gamma2            7     1.00000000000
Actual Parameters
                         Value 
delta            0.999900000000
alpha0            2.00000000000
alpha1            5.00000000000
eta0             0.200000000000
eta1              1.00000000000
gamma0           0.800000000000
gamma1           0.800000000000
gamma2           0.700000000000

                    gamma0       gamma1       gamma2
Gradient            0.0000       0.0000       0.0000

BFGS Finished: 5:STRONG
                      gamma0       gamma1       gamma2
    Free Vector       1.0000       1.0000       1.0000
    Gradient          0.0000       0.0000       0.0000
New Hessian
                    gamma0       gamma1       gamma2
gamma0                .NaN
gamma1                .NaN         .NaN
gamma2                .NaN         .NaN         .NaN


Report of Gradient Ending on DetergentMLE1

   Obj=           0.00000000000
Free Parameters
                index          free      
gamma0            5     1.00000000000
gamma1            6     1.00000000000
gamma2            7     1.00000000000
Actual Parameters
                         Value 
delta            0.999900000000
alpha0            2.00000000000
alpha1            5.00000000000
eta0             0.200000000000
eta1              1.00000000000
gamma0           0.800000000000
gamma1           0.800000000000
gamma2           0.700000000000


Report of Gradient Starting on DetergentMLE1

   Obj=                   -.Inf
Free Parameters
                index          free      
alpha0            1     1.00000000000
alpha1            2     1.00000000000
eta0              3     1.00000000000
eta1              4     1.00000000000
Actual Parameters
                         Value 
delta            0.999900000000
alpha0            2.00000000000
alpha1            5.00000000000
eta0             0.200000000000
eta1              1.00000000000
gamma0           0.800000000000
gamma1           0.800000000000
gamma2           0.700000000000
Runtime error: '[-1] in array[4]' index out of range
Runtime error occurred in Utility (104), call trace: 
detergent.ox (104): Utility
 (31): Run
 (508): loop
 (22): Run
 (508): loop
 (594): Traverse
 (106): Gsolve
 (74): Run
 (229): loop
 (60): Run
 (133): Solve
remaining calls not listed
