
Ox Console version 7.00 (OS_X_64/U) (C) J.A. Doornik, 1994-2013
This version may be used for academic research and teaching only

Detergent Model Starting




 niqlow version 1.00 Copyright (C) 2011-2014 Christopher Ferrall.
 Execution of niqlow implies acceptance of its free software License (niqlow/niqlow-license.txt).
Update Time 
       0.0000
       1.0000
       0.0000
Warning: CreateSpaces: setting clock type to stationary.
-------------------- DP Model Summary ------------------------
Clock Class: 0 Description: Infinite Horizon
STATE VARIABLES
              |eps   |eta |theta                             -clock        |gamma
              s11    s21  coupo  coupo  coupo  weeks  consu      t     t'      r      f
       s.N      1      1      2      2      2    118     11      1      1      1      1


Transition Categories (not counting fixed)
                 NonRandom       Random   Coevolving
     #Vars               1            3            3

Size of Spaces
                           N
        Exogenous          1
    SemiExogenous          1
       Endogenous      10384
            Times          1
    EV()Iterating      10384
    Ch.Prob.track      10384
     Random Groups         1
     Fixed Groups          1
    TotalUntrimmed     10384

ACTION VARIABLES (7 distinct actions)
         purch
    i.N      7


 Trimming 
                           N
    TotalReachable     10384
         Terminal          0

ACTION SETS
    alpha       A[0]   
    (0)           X    
    (1)           X    
    (2)           X    
    (3)           X    
    (4)           X    
    (5)           X    
    (6)           X    
#States       10384
    Key: X = row vector is feasible. - = infeasible

Added to the observed list: weeks_to_go purchase coupon_ch coupon_other coupon_td consumption Observed Finished.

Outcome Summary: Detergent

            ID purch   s11   s21 coupo coupo coupo weeks consu     t    t'     r     f
observed     1     1     0     0     1     1     1     1     1     0     0     0     0
force0       0     0     1     1     0     0     0     0     0     1     1     1     1
column       0     1    -1    -1     2     3     4     5     6    -1    -1    -1    -1


               sample size         mean      st.dev.          min          max
hh_id               3791.0   1.1015e+06       841.41   1.1000e+06   1.1030e+06
week                3791.0      0.53416       1.2415       0.0000       6.0000
vol                 3791.0      0.25666      0.43679       0.0000       1.0000
purch               3791.0      0.85307      0.35403       0.0000       1.0000
wks_to_g            3791.0      0.26642      0.44209       0.0000       1.0000
cons                3791.0       9.7953       13.397       0.0000       108.00
cpn_ch              3791.0       1.9370       1.8010       0.0000       7.0000
Source data summary0
. Total Outcomes Loaded: 3791


Report of Simplex Starting  on DetergentMLE1

   Obj=                    .NaN
Free Parameters
                index          free      
gamma0            5     1.00000000000
gamma1            6     1.00000000000
gamma2            7     1.00000000000
Actual Parameters
                         Value 
delta            0.950000000000
alpha0            2.00000000000
alpha1            5.00000000000
eta0             0.200000000000
eta1              1.00000000000
gamma0           0.800000000000
gamma1           0.800000000000
gamma2           0.700000000000

 Max # evaluations 2147483647
 Max # restarts 2147483647
 Plex size tolerance 2
 -6930.865406717987*

  1. N=    4 Step= 0.10000. Fmax=-6930.87 .PlexSize=0.225 *Converged*
 Bounds on Simplex
             gamma0       gamma1       gamma2
min          1.0000       1.0000       1.0000
max          1.1000       1.1000       1.1000


Report of Simplex Final  on DetergentMLE1

   Obj=          -6930.86540672
Free Parameters
                index          free      
gamma0            5     1.00000000000
gamma1            6     1.00000000000
gamma2            7     1.10000000000
Actual Parameters
                         Value 
delta            0.950000000000
alpha0            2.00000000000
alpha1            5.00000000000
eta0             0.200000000000
eta1              1.00000000000
gamma0           0.800000000000
gamma1           0.800000000000
gamma2           0.770000000000


Report of Simplex Starting  on DetergentMLE1

   Obj=                   -.Inf
Free Parameters
                index          free      
alpha0            1     1.00000000000
alpha1            2     1.00000000000
eta0              3     1.00000000000
eta1              4     1.00000000000
Actual Parameters
                         Value 
delta            0.950000000000
alpha0            2.00000000000
alpha1            5.00000000000
eta0             0.200000000000
eta1              1.00000000000
gamma0           0.800000000000
gamma1           0.800000000000
gamma2           0.770000000000

 Max # evaluations 2147483647
 Max # restarts 2147483647
 Plex size tolerance 2
Runtime error: '[-1] in array[4]' index out of range
Runtime error occurred in Utility (105), call trace: 
detergent.ox (105): Utility
 (43): Run
 (539): loop
 (29): Run
 (539): loop
 (625): Traverse
 (117): Gsolve
 (85): Run
 (229): loop
 (66): Run
 (166): Solve
remaining calls not listed
