
Ox Console version 7.00 (OS_X_64/U) (C) J.A. Doornik, 1994-2013
This version may be used for academic research and teaching only

Low inventory (weeks_to_go = 0)

[0] = 
       0.0000       1.0000       3.0000       7.0000       12.000
[1] = 
       1.0000       0.0000       0.0000       0.0000       0.0000
       1.0000       0.0000       0.0000       0.0000       0.0000
       1.0000       0.0000       0.0000       0.0000       0.0000
       0.0000       1.0000       0.0000       0.0000       0.0000
       0.0000       0.0000       1.0000       0.0000       0.0000
       0.0000       0.0000       0.0000       1.0000       0.0000
       0.0000       0.0000       0.0000       0.0000       1.0000

Medium inventory (weeks_to_go = 20)

[0] = 
       19.000       20.000       21.000       23.000       27.000       32.000
[1] = 
       1.0000       0.0000       0.0000       0.0000       0.0000       0.0000
       0.0000       1.0000       0.0000       0.0000       0.0000       0.0000
       0.0000       1.0000       0.0000       0.0000       0.0000       0.0000
       0.0000       0.0000       1.0000       0.0000       0.0000       0.0000
       0.0000       0.0000       0.0000       1.0000       0.0000       0.0000
       0.0000       0.0000       0.0000       0.0000       1.0000       0.0000
       0.0000       0.0000       0.0000       0.0000       0.0000       1.0000

High inventory (weeks_to_go = 114)

[0] = 
       113.00       114.00
[1] = 
       1.0000       0.0000
       0.0000       1.0000
       0.0000       1.0000
       0.0000       1.0000
       0.0000       1.0000
       0.0000       1.0000
       0.0000       1.0000
